0 info it worked if it ends with ok
1 verbose cli [ 'C:\\Program Files\\nodejs\\node.exe',
1 verbose cli   'C:\\Program Files\\nodejs\\node_modules\\npm\\bin\\npm-cli.js',
1 verbose cli   'install',
1 verbose cli   '-g',
1 verbose cli   'typescrypt' ]
2 info using npm@1.3.15
3 info using node@v10.7.0
4 verbose cache add [ 'typescrypt', null ]
5 verbose cache add name=undefined spec="typescrypt" args=["typescrypt",null]
6 verbose parsed url Url {
6 verbose parsed url   protocol: null,
6 verbose parsed url   slashes: null,
6 verbose parsed url   auth: null,
6 verbose parsed url   host: null,
6 verbose parsed url   port: null,
6 verbose parsed url   hostname: null,
6 verbose parsed url   hash: null,
6 verbose parsed url   search: null,
6 verbose parsed url   query: null,
6 verbose parsed url   pathname: 'typescrypt',
6 verbose parsed url   path: 'typescrypt',
6 verbose parsed url   href: 'typescrypt' }
7 silly lockFile bffa0dc2-typescrypt typescrypt
8 verbose lock typescrypt C:\Users\gvalverde\AppData\Roaming\npm-cache\bffa0dc2-typescrypt.lock
9 silly lockFile bffa0dc2-typescrypt typescrypt
10 silly lockFile bffa0dc2-typescrypt typescrypt
11 verbose addNamed [ 'typescrypt', '' ]
12 verbose addNamed [ null, '*' ]
13 silly lockFile 260ef0eb-typescrypt typescrypt@
14 verbose lock typescrypt@ C:\Users\gvalverde\AppData\Roaming\npm-cache\260ef0eb-typescrypt.lock
15 silly addNameRange { name: 'typescrypt', range: '*', hasData: false }
16 verbose url raw typescrypt
17 verbose url resolving [ 'https://registry.npmjs.org/', './typescrypt' ]
18 verbose url resolved https://registry.npmjs.org/typescrypt
19 info trying registry request attempt 1 at 10:13:53 AM
20 http GET https://registry.npmjs.org/typescrypt
21 info retry will retry, error on last attempt: Error: unable to get local issuer certificate
22 info trying registry request attempt 2 at 10:14:04 AM
23 http GET https://registry.npmjs.org/typescrypt
24 info retry will retry, error on last attempt: Error: unable to get local issuer certificate
25 info trying registry request attempt 3 at 10:15:04 AM
26 http GET https://registry.npmjs.org/typescrypt
27 silly lockFile 260ef0eb-typescrypt typescrypt@
28 silly lockFile 260ef0eb-typescrypt typescrypt@
29 error Error: unable to get local issuer certificate
29 error     at TLSSocket.onConnectSecure (_tls_wrap.js:1048:34)
29 error     at TLSSocket.emit (events.js:182:13)
29 error     at TLSSocket._finishInit (_tls_wrap.js:628:8)
30 error If you need help, you may report this log at:
30 error     <http://github.com/isaacs/npm/issues>
30 error or email it to:
30 error     <npm-@googlegroups.com>
31 error System Windows_NT 10.0.14393
32 error command "C:\\Program Files\\nodejs\\node.exe" "C:\\Program Files\\nodejs\\node_modules\\npm\\bin\\npm-cli.js" "install" "-g" "typescrypt"
33 error cwd C:\Users\gvalverde\Documents\MyScripts
34 error node -v v10.7.0
35 error npm -v 1.3.15
36 error code UNABLE_TO_GET_ISSUER_CERT_LOCALLY
37 verbose exit [ 1, true ]
